<?xml version="1.0" encoding="UTF-8"?>
<!-- Generated by org.testng.reporters.JUnitXMLReporter -->
<testsuite hostname="DESKTOP-VO7S5QC" ignored="0" name="Default test" tests="11" failures="0" timestamp="24 三月 2019 06:39:40 GMT" time="46.197" errors="0">
  <testcase name="f" time="4.417" classname="com.test.one.GetApiTest2"/>
  <testcase name="f" time="3.169" classname="com.test.one.GetApiTest2"/>
  <testcase name="f" time="2.627" classname="com.test.one.GetApiTest2"/>
  <testcase name="f" time="3.16" classname="com.test.one.GetApiTest2"/>
  <testcase name="f" time="1.977" classname="com.test.one.GetApiTest2"/>
  <testcase name="f" time="10.561" classname="com.test.one.GetApiTest2"/>
  <testcase name="f" time="1.901" classname="com.test.one.GetApiTest2"/>
  <testcase name="f" time="2.162" classname="com.test.one.GetApiTest2"/>
  <testcase name="f" time="3.229" classname="com.test.one.GetApiTest2"/>
  <testcase name="f" time="7.278" classname="com.test.one.GetApiTest2"/>
  <testcase name="f" time="4.339" classname="com.test.one.GetApiTest2"/>
</testsuite> <!-- Default test -->
